mode: set
github.com/azinmirbostani/go-challenge/pkg/device/device.go:31.41,35.16 3 1
github.com/azinmirbostani/go-challenge/pkg/device/device.go:39.2,39.25 1 1
github.com/azinmirbostani/go-challenge/pkg/device/device.go:43.2,43.18 1 1
github.com/azinmirbostani/go-challenge/pkg/device/device.go:47.2,47.18 1 1
github.com/azinmirbostani/go-challenge/pkg/device/device.go:51.2,51.20 1 1
github.com/azinmirbostani/go-challenge/pkg/device/device.go:56.2,56.18 1 1
github.com/azinmirbostani/go-challenge/pkg/device/device.go:60.2,60.12 1 1
github.com/azinmirbostani/go-challenge/pkg/device/device.go:35.16,38.3 2 1
github.com/azinmirbostani/go-challenge/pkg/device/device.go:39.25,42.3 2 1
github.com/azinmirbostani/go-challenge/pkg/device/device.go:43.18,46.3 2 1
github.com/azinmirbostani/go-challenge/pkg/device/device.go:47.18,50.3 2 1
github.com/azinmirbostani/go-challenge/pkg/device/device.go:51.20,54.3 2 1
github.com/azinmirbostani/go-challenge/pkg/device/device.go:56.18,58.3 1 1
github.com/azinmirbostani/go-challenge/pkg/device/device.go:64.95,76.16 3 1
github.com/azinmirbostani/go-challenge/pkg/device/device.go:80.2,80.27 1 1
github.com/azinmirbostani/go-challenge/pkg/device/device.go:84.2,86.16 3 1
github.com/azinmirbostani/go-challenge/pkg/device/device.go:89.2,89.18 1 1
github.com/azinmirbostani/go-challenge/pkg/device/device.go:76.16,78.3 1 0
github.com/azinmirbostani/go-challenge/pkg/device/device.go:80.27,82.3 1 1
github.com/azinmirbostani/go-challenge/pkg/device/device.go:86.16,88.3 1 0
github.com/azinmirbostani/go-challenge/pkg/device/device.go:96.3,99.61 2 1
github.com/azinmirbostani/go-challenge/pkg/device/device.go:103.2,103.46 1 1
github.com/azinmirbostani/go-challenge/pkg/device/device.go:107.2,108.56 2 1
github.com/azinmirbostani/go-challenge/pkg/device/device.go:112.2,114.16 2 1
github.com/azinmirbostani/go-challenge/pkg/device/device.go:118.2,124.16 3 1
github.com/azinmirbostani/go-challenge/pkg/device/device.go:127.2,127.16 1 1
github.com/azinmirbostani/go-challenge/pkg/device/device.go:99.61,101.3 1 0
github.com/azinmirbostani/go-challenge/pkg/device/device.go:103.46,105.3 1 1
github.com/azinmirbostani/go-challenge/pkg/device/device.go:108.56,110.3 1 0
github.com/azinmirbostani/go-challenge/pkg/device/device.go:114.16,116.3 1 0
github.com/azinmirbostani/go-challenge/pkg/device/device.go:124.16,126.3 1 0
